Mon Feb  6 12:58:10 -03 2023: Programa inicializado.
Mon Feb  6 12:58:10 -03 2023: Arquivo teste8 criado com sucesso.
Mon Feb  6 12:58:10 -03 2023: Programa finalizado.
_________________________________________________________________
Mon Feb  6 12:58:13 -03 2023: Programa inicializado.
Mon Feb  6 12:58:13 -03 2023: Arquivo teste8 já existe
Mon Feb  6 12:58:13 -03 2023: Arquivo teste8 removido com sucesso.
Mon Feb  6 12:58:13 -03 2023: Arquivo teste8 criado com sucesso.
Mon Feb  6 12:58:13 -03 2023: Programa finalizado.
_________________________________________________________________
Mon Feb  6 12:59:35 -03 2023: Programa inicializado.
Mon Feb  6 12:59:35 -03 2023: Arquivo teste8 já existe
Mon Feb  6 12:59:35 -03 2023: Arquivo teste8 removido com sucesso.
_________________________________________________________________
Mon Feb  6 12:59:43 -03 2023: Programa inicializado.
Mon Feb  6 12:59:43 -03 2023: Arquivo teste8 criado com sucesso.
Mon Feb  6 12:59:43 -03 2023: Programa finalizado.
_________________________________________________________________
Mon Feb  6 12:59:46 -03 2023: Programa inicializado.
Mon Feb  6 12:59:46 -03 2023: Arquivo teste8 já existe
Mon Feb  6 12:59:46 -03 2023: Arquivo teste8 removido com sucesso.
_________________________________________________________________
Mon Feb  6 13:00:13 -03 2023: Programa inicializado.
Mon Feb  6 13:00:13 -03 2023: Arquivo vazio encontrado e removido. /home/kaio/create_main/teste2.cpp
Mon Feb  6 13:00:13 -03 2023: Arquivo vazio encontrado e removido. /home/kaio/create_main/teste3.cpp
Mon Feb  6 13:00:13 -03 2023: Arquivo vazio encontrado e removido. /home/kaio/create_main/teste4.cpp
Mon Feb  6 13:00:13 -03 2023: Programa finalizado.
_________________________________________________________________
Mon Feb  6 16:08:19 -03 2023: Programa inicializado.
Mon Feb  6 16:08:19 -03 2023: Arquivo teste8 criado com sucesso.
Mon Feb  6 16:08:19 -03 2023: Programa finalizado.
_________________________________________________________________
Mon Feb  6 16:09:34 -03 2023: Programa inicializado.
Mon Feb  6 16:09:34 -03 2023: Arquivo teste9 criado com sucesso.
Mon Feb  6 16:09:34 -03 2023: Programa finalizado.
_________________________________________________________________
Mon Feb  6 16:10:55 -03 2023: Programa inicializado.
Mon Feb  6 16:10:55 -03 2023: Arquivo teste10 criado com sucesso.
Mon Feb  6 16:10:55 -03 2023: Programa finalizado.
_________________________________________________________________
Mon Feb  6 16:13:15 -03 2023: Programa inicializado.
Mon Feb  6 16:14:51 -03 2023: Programa inicializado.
Mon Feb  6 16:14:51 -03 2023: Arquivo teste12 criado com sucesso.
Mon Feb  6 16:14:51 -03 2023: Programa finalizado.
_________________________________________________________________
Mon Feb  6 16:51:23 -03 2023: Programa inicializado.
Mon Feb  6 16:51:23 -03 2023: Programa finalizado.
_________________________________________________________________
Mon Feb  6 16:51:34 -03 2023: Programa inicializado.
Mon Feb  6 16:51:34 -03 2023: Programa finalizado.
_________________________________________________________________
Mon Feb  6 16:51:38 -03 2023: Programa inicializado.
Mon Feb  6 16:51:38 -03 2023: Programa finalizado.
_________________________________________________________________
Mon Feb  6 16:53:14 -03 2023: Programa inicializado.
Mon Feb  6 16:53:14 -03 2023: Programa finalizado.
_________________________________________________________________
Mon Feb  6 16:54:49 -03 2023: Programa inicializado.
Mon Feb  6 16:54:49 -03 2023: Programa finalizado.
_________________________________________________________________
Mon Feb  6 16:54:56 -03 2023: Programa inicializado.
Mon Feb  6 16:54:56 -03 2023: Programa finalizado.
_________________________________________________________________
Mon Feb  6 16:55:11 -03 2023: Programa inicializado.
Mon Feb  6 16:55:11 -03 2023: Programa finalizado.
_________________________________________________________________
Mon Feb  6 16:55:43 -03 2023: Programa inicializado.
Mon Feb  6 16:55:43 -03 2023: Programa finalizado.
_________________________________________________________________
Mon Feb  6 16:55:58 -03 2023: Programa inicializado.
Mon Feb  6 16:56:34 -03 2023: Programa inicializado.
Mon Feb  6 16:56:34 -03 2023: Arquivo vazio encontrado e removido. /home/kaio/create_main/teste10.cpp
Mon Feb  6 16:56:34 -03 2023: Arquivo vazio encontrado e removido. /home/kaio/create_main/teste12.cpp
Mon Feb  6 16:56:34 -03 2023: Arquivo vazio encontrado e removido. /home/kaio/create_main/teste8.cpp
Mon Feb  6 16:56:34 -03 2023: Arquivo vazio encontrado e removido. /home/kaio/create_main/teste9.cpp
Mon Feb  6 16:56:34 -03 2023: Programa finalizado.
_________________________________________________________________
